<?xml version="1.0" encoding="UTF-8"?>
<!-- Generated by org.testng.reporters.JUnitReportReporter -->
<testsuite hostname="LAPTOP-7POAIF7I" failures="0" tests="1" name="com.luma.testcases.LandingPageTest" time="9.687" errors="0" timestamp="2024-07-01T17:43:32 IST" skipped="0">
  <testcase classname="com.luma.testcases.LandingPageTest" name="shopPantsValidationTest" time="9.687"/>
  <system-out/>
</testsuite> <!-- com.luma.testcases.LandingPageTest -->
